2025-06-21 17:46:42.648 [main] INFO  k.commander.application.Application - Starting CommanderAPI application
2025-06-21 17:46:42.661 [main] INFO  k.c.a.config.DatabaseConfig - Initializing database connection with URL: jdbc:sqlite:data.db
2025-06-21 17:46:43.613 [main] INFO  k.c.a.config.DatabaseConfig - Database schema created/verified successfully
2025-06-21 17:46:43.614 [main] INFO  k.commander.application.Application - Starting server on 0.0.0.0:8081
2025-06-21 17:46:43.655 [main] INFO  ktor.application - Autoreload is disabled because the development mode is off.
2025-06-21 17:46:43.777 [main] INFO  k.commander.application.Application - Configuring application module
2025-06-21 17:46:43.783 [main] INFO  [Koin] - Started 17 definitions in 0.290584 ms
2025-06-21 17:46:43.813 [main] INFO  k.c.i.framework.ktor.Security - Security features configured
2025-06-21 17:46:43.838 [main] INFO  k.commander.application.Application - Application configuration completed
2025-06-21 17:46:43.838 [main] INFO  ktor.application - Application started in 0.204 seconds.
2025-06-21 17:46:43.838 [main] INFO  ktor.application - Application started: io.ktor.server.application.Application@2216effc
2025-06-21 17:46:43.980 [DefaultDispatcher-worker-2] INFO  ktor.application - Responding at http://0.0.0.0:8081
2025-06-21 17:49:47.148 [eventLoopGroupProxy-4-1] INFO  k.c.presentation.routes.TableRoutes - Fetching all tables
2025-06-21 17:49:47.249 [eventLoopGroupProxy-4-1] INFO  ktor.application - Request: GET /api/v1/tables from localhost | Status: 200 OK | Agent: ktor-client
2025-06-21 17:49:56.937 [eventLoopGroupProxy-4-1] INFO  k.c.presentation.routes.TableRoutes - Fetching table with ID: 2
2025-06-21 17:49:56.948 [eventLoopGroupProxy-4-1] INFO  ktor.application - Request: GET /api/v1/tables/2 from localhost | Status: 200 OK | Agent: ktor-client
2025-06-21 17:50:02.193 [eventLoopGroupProxy-4-1] INFO  k.c.presentation.routes.TableRoutes - Fetching all tables
2025-06-21 17:50:02.196 [eventLoopGroupProxy-4-1] INFO  ktor.application - Request: GET /api/v1/tables from localhost | Status: 200 OK | Agent: ktor-client
2025-06-21 17:50:02.881 [eventLoopGroupProxy-4-1] INFO  k.c.presentation.routes.TableRoutes - Fetching table with ID: 1
2025-06-21 17:50:02.905 [eventLoopGroupProxy-4-1] INFO  ktor.application - Request: GET /api/v1/tables/1 from localhost | Status: 200 OK | Agent: ktor-client
2025-06-21 17:50:47.228 [eventLoopGroupProxy-4-2] INFO  ktor.application - Request: POST /api/v1/tables from localhost | Status: 201 Created | Agent: insomnia/11.1.0
2025-06-21 17:50:48.847 [eventLoopGroupProxy-4-2] INFO  ktor.application - Request: POST /api/v1/tables from localhost | Status: 201 Created | Agent: insomnia/11.1.0
2025-06-21 17:51:02.864 [eventLoopGroupProxy-4-2] INFO  k.c.presentation.routes.TableRoutes - Fetching all tables
2025-06-21 17:51:02.869 [eventLoopGroupProxy-4-2] INFO  ktor.application - Request: GET /api/v1/tables from localhost | Status: 200 OK | Agent: insomnia/11.1.0
2025-06-21 17:51:13.376 [eventLoopGroupProxy-4-1] INFO  k.c.presentation.routes.TableRoutes - Fetching all tables
2025-06-21 17:51:13.381 [eventLoopGroupProxy-4-1] INFO  ktor.application - Request: GET /api/v1/tables from localhost | Status: 200 OK | Agent: ktor-client
2025-06-21 17:51:25.770 [eventLoopGroupProxy-4-1] INFO  k.c.presentation.routes.TableRoutes - Fetching table with ID: 7
2025-06-21 17:51:25.778 [eventLoopGroupProxy-4-1] INFO  ktor.application - Request: GET /api/v1/tables/7 from localhost | Status: 200 OK | Agent: ktor-client
2025-06-21 17:51:27.347 [eventLoopGroupProxy-4-1] INFO  k.c.presentation.routes.TableRoutes - Fetching all tables
2025-06-21 17:51:27.351 [eventLoopGroupProxy-4-1] INFO  ktor.application - Request: GET /api/v1/tables from localhost | Status: 200 OK | Agent: ktor-client
2025-06-21 17:51:27.873 [eventLoopGroupProxy-4-1] INFO  k.c.presentation.routes.TableRoutes - Fetching table with ID: 1
2025-06-21 17:51:27.881 [eventLoopGroupProxy-4-1] INFO  ktor.application - Request: GET /api/v1/tables/1 from localhost | Status: 200 OK | Agent: ktor-client
