2025-05-25 00:30:17.234 [main] INFO  k.commander.application.Application - Starting CommanderAPI application
2025-05-25 00:30:17.242 [main] INFO  k.c.a.config.DatabaseConfig - Initializing database connection with URL: jdbc:sqlite:data.db
2025-05-25 00:30:17.963 [main] INFO  k.c.a.config.DatabaseConfig - Database schema created/verified successfully
2025-05-25 00:30:17.965 [main] INFO  k.commander.application.Application - Starting server on 0.0.0.0:8081
2025-05-25 00:30:17.991 [main] INFO  ktor.application - Autoreload is disabled because the development mode is off.
2025-05-25 00:30:18.104 [main] INFO  k.commander.application.Application - Configuring application module
2025-05-25 00:30:18.107 [main] INFO  [Koin] - Started 17 definitions in 0.203375 ms
2025-05-25 00:30:18.121 [main] INFO  k.c.i.framework.ktor.Security - Security features configured
2025-05-25 00:30:18.132 [main] INFO  k.commander.application.Application - Application configuration completed
2025-05-25 00:30:18.132 [main] INFO  ktor.application - Application started in 0.154 seconds.
2025-05-25 00:30:18.132 [main] INFO  ktor.application - Application started: io.ktor.server.application.Application@7c84195
2025-05-25 00:30:18.195 [DefaultDispatcher-worker-1] INFO  ktor.application - Responding at http://0.0.0.0:8081
2025-05-25 00:32:27.909 [eventLoopGroupProxy-4-1] INFO  k.c.presentation.routes.TableRoutes - Fetching all tables
2025-05-25 00:32:27.981 [eventLoopGroupProxy-4-1] INFO  ktor.application - Request: GET /api/v1/tables from localhost | Status: 200 OK | Agent: insomnia/11.1.0
2025-05-25 00:32:55.637 [eventLoopGroupProxy-4-1] INFO  k.c.presentation.routes.TableRoutes - Fetching table with ID: 1
2025-05-25 00:32:55.659 [eventLoopGroupProxy-4-1] INFO  ktor.application - Request: GET /api/v1/tables/1 from localhost | Status: 200 OK | Agent: insomnia/11.1.0
2025-05-25 03:23:54.235 [eventLoopGroupProxy-4-2] INFO  k.c.presentation.routes.TableRoutes - Fetching all tables
2025-05-25 03:23:54.308 [eventLoopGroupProxy-4-2] INFO  ktor.application - Request: GET /api/v1/tables from localhost | Status: 200 OK | Agent: ktor-client
2025-05-25 03:24:01.856 [eventLoopGroupProxy-4-2] INFO  k.c.presentation.routes.TableRoutes - Fetching all tables
2025-05-25 03:24:01.863 [eventLoopGroupProxy-4-2] INFO  ktor.application - Request: GET /api/v1/tables from localhost | Status: 200 OK | Agent: ktor-client
2025-05-25 03:24:12.680 [KtorShutdownHook] INFO  ktor.application - Application stopping: io.ktor.server.application.Application@7c84195
2025-05-25 03:24:12.682 [KtorShutdownHook] INFO  ktor.application - Application stopped: io.ktor.server.application.Application@7c84195
2025-05-25 03:24:14.955 [main] INFO  k.commander.application.Application - Starting CommanderAPI application
2025-05-25 03:24:14.956 [main] INFO  k.c.a.config.DatabaseConfig - Initializing database connection with URL: jdbc:sqlite:data.db
2025-05-25 03:24:15.483 [main] INFO  k.c.a.config.DatabaseConfig - Database schema created/verified successfully
2025-05-25 03:24:15.484 [main] INFO  k.commander.application.Application - Starting server on 0.0.0.0:8081
2025-05-25 03:24:15.513 [main] INFO  ktor.application - Autoreload is disabled because the development mode is off.
2025-05-25 03:24:15.623 [main] INFO  k.commander.application.Application - Configuring application module
2025-05-25 03:24:15.627 [main] INFO  [Koin] - Started 17 definitions in 0.21275 ms
2025-05-25 03:24:15.647 [main] INFO  k.c.i.framework.ktor.Security - Security features configured
2025-05-25 03:24:15.664 [main] INFO  k.commander.application.Application - Application configuration completed
2025-05-25 03:24:15.664 [main] INFO  ktor.application - Application started in 0.169 seconds.
2025-05-25 03:24:15.664 [main] INFO  ktor.application - Application started: io.ktor.server.application.Application@a137d7a
2025-05-25 03:24:15.737 [DefaultDispatcher-worker-1] INFO  ktor.application - Responding at http://0.0.0.0:8081
2025-05-25 03:24:31.473 [eventLoopGroupProxy-4-1] INFO  k.c.presentation.routes.TableRoutes - Fetching all tables
2025-05-25 03:24:31.563 [eventLoopGroupProxy-4-1] INFO  ktor.application - Request: GET /api/v1/tables from localhost | Status: 200 OK | Agent: ktor-client
2025-05-25 03:25:39.710 [main] INFO  ktor.application - Application stopping: io.ktor.server.application.Application@a137d7a
2025-05-25 03:25:39.712 [main] INFO  ktor.application - Application stopped: io.ktor.server.application.Application@a137d7a
2025-05-25 03:25:45.492 [main] INFO  k.commander.application.Application - Starting CommanderAPI application
2025-05-25 03:25:45.493 [main] INFO  k.c.a.config.DatabaseConfig - Initializing database connection with URL: jdbc:sqlite:data.db
2025-05-25 03:25:45.996 [main] INFO  k.c.a.config.DatabaseConfig - Database schema created/verified successfully
2025-05-25 03:25:45.997 [main] INFO  k.commander.application.Application - Starting server on 0.0.0.0:8081
2025-05-25 03:25:46.020 [main] INFO  ktor.application - Autoreload is disabled because the development mode is off.
2025-05-25 03:25:46.115 [main] INFO  k.commander.application.Application - Configuring application module
2025-05-25 03:25:46.118 [main] INFO  [Koin] - Started 17 definitions in 0.209333 ms
2025-05-25 03:25:46.135 [main] INFO  k.c.i.framework.ktor.Security - Security features configured
2025-05-25 03:25:46.149 [main] INFO  k.commander.application.Application - Application configuration completed
2025-05-25 03:25:46.149 [main] INFO  ktor.application - Application started in 0.143 seconds.
2025-05-25 03:25:46.149 [main] INFO  ktor.application - Application started: io.ktor.server.application.Application@a137d7a
2025-05-25 03:25:46.211 [DefaultDispatcher-worker-1] INFO  ktor.application - Responding at http://0.0.0.0:8081
2025-05-25 03:25:54.944 [eventLoopGroupProxy-4-1] INFO  k.c.presentation.routes.TableRoutes - Fetching all tables
2025-05-25 03:25:55.020 [eventLoopGroupProxy-4-1] INFO  ktor.application - Request: GET /api/v1/tables from localhost | Status: 200 OK | Agent: ktor-client
2025-05-25 03:25:56.359 [eventLoopGroupProxy-4-1] INFO  k.c.presentation.routes.TableRoutes - Fetching table with ID: 2
2025-05-25 03:25:56.365 [eventLoopGroupProxy-4-1] INFO  ktor.application - Request: GET /api/v1/tables/2 from localhost | Status: 200 OK | Agent: ktor-client
2025-05-25 03:25:59.428 [eventLoopGroupProxy-4-1] INFO  k.c.presentation.routes.TableRoutes - Fetching all tables
2025-05-25 03:25:59.431 [eventLoopGroupProxy-4-1] INFO  ktor.application - Request: GET /api/v1/tables from localhost | Status: 200 OK | Agent: ktor-client
2025-05-25 03:26:00.198 [eventLoopGroupProxy-4-1] INFO  k.c.presentation.routes.TableRoutes - Fetching table with ID: 1
2025-05-25 03:26:00.212 [eventLoopGroupProxy-4-1] INFO  ktor.application - Request: GET /api/v1/tables/1 from localhost | Status: 200 OK | Agent: ktor-client
2025-05-25 03:28:49.922 [eventLoopGroupProxy-4-2] INFO  k.c.presentation.routes.TableRoutes - Fetching all tables
2025-05-25 03:28:49.944 [eventLoopGroupProxy-4-2] INFO  ktor.application - Request: GET /api/v1/tables from localhost | Status: 200 OK | Agent: ktor-client
2025-05-25 03:28:52.244 [eventLoopGroupProxy-4-2] INFO  k.c.presentation.routes.TableRoutes - Fetching table with ID: 1
2025-05-25 03:28:52.277 [eventLoopGroupProxy-4-2] INFO  ktor.application - Request: GET /api/v1/tables/1 from localhost | Status: 200 OK | Agent: ktor-client
2025-05-25 03:32:16.345 [eventLoopGroupProxy-4-3] INFO  k.c.presentation.routes.TableRoutes - Fetching all tables
2025-05-25 03:32:16.377 [eventLoopGroupProxy-4-3] INFO  ktor.application - Request: GET /api/v1/tables from localhost | Status: 200 OK | Agent: ktor-client
2025-05-25 03:32:17.564 [eventLoopGroupProxy-4-3] INFO  k.c.presentation.routes.TableRoutes - Fetching table with ID: 1
2025-05-25 03:32:17.582 [eventLoopGroupProxy-4-3] INFO  ktor.application - Request: GET /api/v1/tables/1 from localhost | Status: 200 OK | Agent: ktor-client
2025-05-25 03:33:27.795 [eventLoopGroupProxy-4-4] INFO  k.c.presentation.routes.TableRoutes - Fetching all tables
2025-05-25 03:33:27.809 [eventLoopGroupProxy-4-4] INFO  ktor.application - Request: GET /api/v1/tables from localhost | Status: 200 OK | Agent: ktor-client
2025-05-25 03:33:28.848 [eventLoopGroupProxy-4-4] INFO  k.c.presentation.routes.TableRoutes - Fetching table with ID: 1
2025-05-25 03:33:28.869 [eventLoopGroupProxy-4-4] INFO  ktor.application - Request: GET /api/v1/tables/1 from localhost | Status: 200 OK | Agent: ktor-client
2025-05-25 03:42:05.753 [eventLoopGroupProxy-4-5] INFO  k.c.presentation.routes.TableRoutes - Fetching all tables
2025-05-25 03:42:05.783 [eventLoopGroupProxy-4-5] INFO  ktor.application - Request: GET /api/v1/tables from localhost | Status: 200 OK | Agent: ktor-client
2025-05-25 03:42:07.204 [eventLoopGroupProxy-4-5] INFO  k.c.presentation.routes.TableRoutes - Fetching table with ID: 1
2025-05-25 03:42:07.232 [eventLoopGroupProxy-4-5] INFO  ktor.application - Request: GET /api/v1/tables/1 from localhost | Status: 200 OK | Agent: ktor-client
2025-05-25 03:42:48.156 [eventLoopGroupProxy-4-6] INFO  k.c.presentation.routes.TableRoutes - Fetching all tables
2025-05-25 03:42:48.186 [eventLoopGroupProxy-4-6] INFO  ktor.application - Request: GET /api/v1/tables from localhost | Status: 200 OK | Agent: ktor-client
2025-05-25 03:42:50.742 [eventLoopGroupProxy-4-6] INFO  k.c.presentation.routes.TableRoutes - Fetching table with ID: 1
2025-05-25 03:42:50.752 [eventLoopGroupProxy-4-6] INFO  ktor.application - Request: GET /api/v1/tables/1 from localhost | Status: 200 OK | Agent: ktor-client
2025-05-25 03:46:04.502 [eventLoopGroupProxy-4-7] INFO  k.c.presentation.routes.TableRoutes - Fetching all tables
2025-05-25 03:46:04.523 [eventLoopGroupProxy-4-7] INFO  ktor.application - Request: GET /api/v1/tables from localhost | Status: 200 OK | Agent: ktor-client
2025-05-25 03:46:13.233 [eventLoopGroupProxy-4-7] INFO  k.c.presentation.routes.TableRoutes - Fetching table with ID: 3
2025-05-25 03:46:13.262 [eventLoopGroupProxy-4-7] INFO  ktor.application - Request: GET /api/v1/tables/3 from localhost | Status: 200 OK | Agent: ktor-client
2025-05-25 03:46:17.520 [eventLoopGroupProxy-4-7] INFO  k.c.presentation.routes.TableRoutes - Fetching all tables
2025-05-25 03:46:17.524 [eventLoopGroupProxy-4-7] INFO  ktor.application - Request: GET /api/v1/tables from localhost | Status: 200 OK | Agent: ktor-client
2025-05-25 03:46:19.318 [eventLoopGroupProxy-4-7] INFO  k.c.presentation.routes.TableRoutes - Fetching table with ID: 1
2025-05-25 03:46:19.338 [eventLoopGroupProxy-4-7] INFO  ktor.application - Request: GET /api/v1/tables/1 from localhost | Status: 200 OK | Agent: ktor-client
2025-05-25 03:46:37.338 [eventLoopGroupProxy-4-8] INFO  k.c.presentation.routes.TableRoutes - Fetching all tables
2025-05-25 03:46:37.357 [eventLoopGroupProxy-4-8] INFO  ktor.application - Request: GET /api/v1/tables from localhost | Status: 200 OK | Agent: ktor-client
2025-05-25 03:46:38.676 [eventLoopGroupProxy-4-8] INFO  k.c.presentation.routes.TableRoutes - Fetching table with ID: 1
2025-05-25 03:46:38.690 [eventLoopGroupProxy-4-8] INFO  ktor.application - Request: GET /api/v1/tables/1 from localhost | Status: 200 OK | Agent: ktor-client
2025-05-25 03:47:55.486 [eventLoopGroupProxy-4-9] INFO  k.c.presentation.routes.TableRoutes - Fetching all tables
2025-05-25 03:47:55.515 [eventLoopGroupProxy-4-9] INFO  ktor.application - Request: GET /api/v1/tables from localhost | Status: 200 OK | Agent: ktor-client
2025-05-25 03:48:15.172 [eventLoopGroupProxy-4-10] INFO  k.c.presentation.routes.TableRoutes - Fetching all tables
2025-05-25 03:48:15.185 [eventLoopGroupProxy-4-10] INFO  ktor.application - Request: GET /api/v1/tables from localhost | Status: 200 OK | Agent: ktor-client
2025-05-25 03:48:16.215 [eventLoopGroupProxy-4-10] INFO  k.c.presentation.routes.TableRoutes - Fetching table with ID: 1
2025-05-25 03:48:16.224 [eventLoopGroupProxy-4-10] INFO  ktor.application - Request: GET /api/v1/tables/1 from localhost | Status: 200 OK | Agent: ktor-client
2025-05-25 03:50:58.867 [eventLoopGroupProxy-4-1] INFO  k.c.presentation.routes.TableRoutes - Fetching all tables
2025-05-25 03:50:58.894 [eventLoopGroupProxy-4-1] INFO  ktor.application - Request: GET /api/v1/tables from localhost | Status: 200 OK | Agent: ktor-client
2025-05-25 03:52:05.234 [eventLoopGroupProxy-4-2] INFO  k.c.presentation.routes.TableRoutes - Fetching all tables
2025-05-25 03:52:05.265 [eventLoopGroupProxy-4-2] INFO  ktor.application - Request: GET /api/v1/tables from localhost | Status: 200 OK | Agent: ktor-client
2025-05-25 03:52:05.997 [eventLoopGroupProxy-4-2] INFO  k.c.presentation.routes.TableRoutes - Fetching table with ID: 1
2025-05-25 03:52:06.006 [eventLoopGroupProxy-4-2] INFO  ktor.application - Request: GET /api/v1/tables/1 from localhost | Status: 200 OK | Agent: ktor-client
2025-05-25 03:52:43.299 [eventLoopGroupProxy-4-3] INFO  k.c.presentation.routes.TableRoutes - Fetching all tables
2025-05-25 03:52:43.348 [eventLoopGroupProxy-4-3] INFO  ktor.application - Request: GET /api/v1/tables from localhost | Status: 200 OK | Agent: ktor-client
2025-05-25 03:52:44.191 [eventLoopGroupProxy-4-3] INFO  k.c.presentation.routes.TableRoutes - Fetching table with ID: 1
2025-05-25 03:52:44.202 [eventLoopGroupProxy-4-3] INFO  ktor.application - Request: GET /api/v1/tables/1 from localhost | Status: 200 OK | Agent: ktor-client
2025-05-25 03:53:18.227 [eventLoopGroupProxy-4-4] INFO  k.c.presentation.routes.TableRoutes - Fetching all tables
2025-05-25 03:53:18.245 [eventLoopGroupProxy-4-4] INFO  ktor.application - Request: GET /api/v1/tables from localhost | Status: 200 OK | Agent: ktor-client
2025-05-25 03:53:23.475 [eventLoopGroupProxy-4-4] INFO  k.c.presentation.routes.TableRoutes - Fetching table with ID: 1
2025-05-25 03:53:23.510 [eventLoopGroupProxy-4-4] INFO  ktor.application - Request: GET /api/v1/tables/1 from localhost | Status: 200 OK | Agent: ktor-client
2025-05-25 03:54:30.820 [eventLoopGroupProxy-4-5] INFO  k.c.presentation.routes.TableRoutes - Fetching all tables
2025-05-25 03:54:30.832 [eventLoopGroupProxy-4-5] INFO  ktor.application - Request: GET /api/v1/tables from localhost | Status: 200 OK | Agent: ktor-client
2025-05-25 03:54:31.946 [eventLoopGroupProxy-4-5] INFO  k.c.presentation.routes.TableRoutes - Fetching table with ID: 1
2025-05-25 03:54:31.954 [eventLoopGroupProxy-4-5] INFO  ktor.application - Request: GET /api/v1/tables/1 from localhost | Status: 200 OK | Agent: ktor-client
2025-05-25 03:56:59.034 [eventLoopGroupProxy-4-5] INFO  k.c.presentation.routes.TableRoutes - Fetching all tables
2025-05-25 03:56:59.047 [eventLoopGroupProxy-4-5] INFO  ktor.application - Request: GET /api/v1/tables from localhost | Status: 200 OK | Agent: ktor-client
2025-05-25 03:56:59.830 [eventLoopGroupProxy-4-5] INFO  k.c.presentation.routes.TableRoutes - Fetching table with ID: 2
2025-05-25 03:56:59.835 [eventLoopGroupProxy-4-5] INFO  ktor.application - Request: GET /api/v1/tables/2 from localhost | Status: 200 OK | Agent: ktor-client
2025-05-25 03:57:35.915 [eventLoopGroupProxy-4-5] INFO  k.c.presentation.routes.TableRoutes - Fetching all tables
2025-05-25 03:57:35.922 [eventLoopGroupProxy-4-5] INFO  ktor.application - Request: GET /api/v1/tables from localhost | Status: 200 OK | Agent: ktor-client
2025-05-25 03:57:36.661 [eventLoopGroupProxy-4-5] INFO  k.c.presentation.routes.TableRoutes - Fetching table with ID: 1
2025-05-25 03:57:36.669 [eventLoopGroupProxy-4-5] INFO  ktor.application - Request: GET /api/v1/tables/1 from localhost | Status: 200 OK | Agent: ktor-client
2025-05-25 18:14:01.304 [eventLoopGroupProxy-4-6] INFO  k.c.presentation.routes.TableRoutes - Fetching all tables
2025-05-25 18:14:01.325 [eventLoopGroupProxy-4-6] INFO  ktor.application - Request: GET /api/v1/tables from localhost | Status: 200 OK | Agent: ktor-client
2025-05-25 18:14:02.437 [eventLoopGroupProxy-4-6] INFO  k.c.presentation.routes.TableRoutes - Fetching table with ID: 2
2025-05-25 18:14:02.441 [eventLoopGroupProxy-4-6] INFO  ktor.application - Request: GET /api/v1/tables/2 from localhost | Status: 200 OK | Agent: ktor-client
2025-05-25 18:14:03.946 [eventLoopGroupProxy-4-6] INFO  k.c.presentation.routes.TableRoutes - Fetching all tables
2025-05-25 18:14:03.950 [eventLoopGroupProxy-4-6] INFO  ktor.application - Request: GET /api/v1/tables from localhost | Status: 200 OK | Agent: ktor-client
2025-05-25 18:14:04.548 [eventLoopGroupProxy-4-6] INFO  k.c.presentation.routes.TableRoutes - Fetching table with ID: 1
2025-05-25 18:14:04.555 [eventLoopGroupProxy-4-6] INFO  ktor.application - Request: GET /api/v1/tables/1 from localhost | Status: 200 OK | Agent: ktor-client
2025-05-25 18:14:12.616 [eventLoopGroupProxy-4-6] INFO  k.c.presentation.routes.TableRoutes - Fetching all tables
2025-05-25 18:14:12.624 [eventLoopGroupProxy-4-6] INFO  ktor.application - Request: GET /api/v1/tables from localhost | Status: 200 OK | Agent: ktor-client
2025-05-25 18:14:15.313 [eventLoopGroupProxy-4-6] INFO  k.c.presentation.routes.TableRoutes - Fetching table with ID: 1
2025-05-25 18:14:15.322 [eventLoopGroupProxy-4-6] INFO  ktor.application - Request: GET /api/v1/tables/1 from localhost | Status: 200 OK | Agent: ktor-client
